<?xml version="1.0" encoding="UTF-8"?>
<!-- Generated by org.testng.reporters.JUnitXMLReporter -->
<testsuite ignored="4" hostname="BEAST-OF-ARITRA14" failures="0" tests="14" name="Test" time="60.131" errors="0" timestamp="2025-08-30T11:02:39 IST">
  <testcase classname="tests.LoginTest" name="verifyLoginUIElements" time="1.071"/>
  <testcase classname="tests.LoginTest" name="loginWithValidPhoneAndPassword" time="2.984"/>
  <testcase classname="tests.LoginTest" name="loginWithValidPhoneAndPassword" time="22.558"/>
  <testcase classname="tests.ProductTest" name="searchElectronicItem" time="0.197"/>
  <testcase classname="tests.ProductTest" name="searchElectronicItem" time="1.821"/>
  <testcase classname="tests.ProductTest" name="sortResults" time="0.114"/>
  <testcase classname="tests.ProductTest" name="sortResults" time="0.462"/>
  <testcase classname="tests.ProductTest" name="sortResults" time="0.48"/>
  <testcase classname="tests.ProductTest" name="applyFilters" time="9.347"/>
  <testcase classname="tests.ProductTest" name="selectProduct" time="1.37"/>
  <testcase classname="tests.CartTest" name="addToCart" time="3.1"/>
  <testcase classname="tests.CartTest" name="modifyQuantityAndVerify" time="4.158"/>
  <testcase classname="tests.CartTest" name="removeItemAndConfirm" time="9.355"/>
  <testcase classname="tests.CartTest" name="proceedToBuyAndCheckAddressPaymentPage" time="2.426"/>
  <testcase classname="base.DriverSetup" name="@AfterSuite tearDown" time="0.0">
    <ignored/>
  </testcase> <!-- @AfterSuite tearDown -->
  <testcase classname="base.DriverSetup" name="@BeforeSuite setUp" time="0.0">
    <ignored/>
  </testcase> <!-- @BeforeSuite setUp -->
  <testcase classname="base.DriverSetup" name="@AfterSuite tearDown" time="0.0">
    <ignored/>
  </testcase> <!-- @AfterSuite tearDown -->
  <testcase classname="base.DriverSetup" name="@BeforeSuite setUp" time="0.0">
    <ignored/>
  </testcase> <!-- @BeforeSuite setUp -->
</testsuite> <!-- Test -->
